<?xml version="1.0" encoding="UTF-8"?>
<!-- Generated by org.testng.reporters.JUnitReportReporter -->
<testsuite hostname="DESKTOP-1U1HSEP" failures="0" tests="4" name="Test.LoginTestCases" time="18.587" errors="0" timestamp="2025-11-12T12:07:17 IST" skipped="0">
  <testcase classname="Test.LoginTestCases" name="TC_LOG_001_validLogin" time="5.738"/>
  <testcase classname="Test.LoginTestCases" name="TC_LOG_003_emptyFields" time="6.357"/>
  <testcase classname="Test.LoginTestCases" name="TC_LOG_005_passwordHidden" time="1.246"/>
  <testcase classname="Test.LoginTestCases" name="TC_PIM_001_openList" time="5.246"/>
</testsuite> <!-- Test.LoginTestCases -->
